<?xml version="1.0" encoding="UTF-8"?>
<!-- Generated by org.testng.reporters.JUnitXMLReporter -->
<testsuite ignored="0" hostname="om-PC" failures="0" tests="4" name="chromeTest" time="5.919" errors="0" timestamp="13 Jul 2018 02:20:47 GMT">
  <testcase classname="com.durgasoft.parallerexecution.ParallelExecution1" name="tc_1" time="3.556"/>
  <testcase classname="com.durgasoft.parallerexecution.ParallelExecution2" name="tc_4" time="0.001"/>
  <testcase classname="com.durgasoft.parallerexecution.ParallelExecution2" name="tc_5" time="0.001"/>
  <testcase classname="com.durgasoft.parallerexecution.ParallelExecution2" name="tc_6" time="0.001"/>
</testsuite> <!-- chromeTest -->
